<?xml version="1.0" encoding="UTF-8"?>
<!-- Generated by org.testng.reporters.JUnitReportReporter -->
<testsuite skipped="0" hostname="vijaya-tester" name="com.nr.qa.testcases.VerifyHeroImageComponent" tests="1" failures="0" timestamp="22 Oct 2020 10:56:00 GMT" time="90.735" errors="0">
  <testcase name="openSitesPageTest" time="90.735" classname="com.nr.qa.testcases.VerifyHeroImageComponent"/>
</testsuite> <!-- com.nr.qa.testcases.VerifyHeroImageComponent -->
