<?xml version="1.0" encoding="UTF-8"?>
<!-- Generated by org.testng.reporters.JUnitReportReporter -->
<testsuite skipped="0" hostname="LAPTOP-PHUIS8K1" name="com.nr.qa.testcases.HomePageLinksTest" tests="1" failures="0" timestamp="17 Sep 2020 14:35:06 GMT" time="35.140" errors="0">
  <testcase name="linksTest" time="35.140" classname="com.nr.qa.testcases.HomePageLinksTest"/>
</testsuite> <!-- com.nr.qa.testcases.HomePageLinksTest -->
