<?xml version="1.0" encoding="UTF-8"?>
<!-- Generated by org.testng.reporters.JUnitReportReporter -->
<testsuite skipped="0" hostname="vijaya-tester" name="com.nr.qa.testcases.HomePageLinksTest" tests="1" failures="0" timestamp="21 Oct 2020 13:09:10 GMT" time="24.848" errors="0">
  <testcase name="linksTest" time="24.848" classname="com.nr.qa.testcases.HomePageLinksTest"/>
</testsuite> <!-- com.nr.qa.testcases.HomePageLinksTest -->
