<?xml version="1.0" encoding="UTF-8"?>
<!-- Generated by org.testng.reporters.JUnitReportReporter -->
<testsuite skipped="0" hostname="vijaya-tester" name="com.nr.qa.testcases.ContentTextAuthorTest" tests="1" failures="0" timestamp="10 Nov 2020 10:49:37 GMT" time="80.083" errors="0">
  <testcase name="authorHeroImageTest" time="80.083" classname="com.nr.qa.testcases.ContentTextAuthorTest"/>
</testsuite> <!-- com.nr.qa.testcases.ContentTextAuthorTest -->
