<?xml version="1.0" encoding="UTF-8"?>
<!-- Generated by org.testng.reporters.JUnitReportReporter -->
<testsuite skipped="0" hostname="vijaya-tester" name="com.nr.qa.testcases.HeroImageComponentpublisherTest" tests="1" failures="0" timestamp="28 Oct 2020 08:56:22 GMT" time="22.041" errors="0">
  <testcase name="verifyHeroImagePublisher" time="22.041" classname="com.nr.qa.testcases.HeroImageComponentpublisherTest"/>
</testsuite> <!-- com.nr.qa.testcases.HeroImageComponentpublisherTest -->
