<?xml version="1.0" encoding="UTF-8"?>
<!-- Generated by org.testng.reporters.JUnitReportReporter -->
<testsuite skipped="0" hostname="vijaya-tester" name="com.nr.qa.testcases.LoginPageTest" tests="2" failures="0" timestamp="21 Oct 2020 11:25:51 GMT" time="36.532" errors="0">
  <testcase name="positiveLoginTest" time="19.097" classname="com.nr.qa.testcases.LoginPageTest"/>
  <testcase name="negitiveLoginTest" time="17.435" classname="com.nr.qa.testcases.LoginPageTest"/>
</testsuite> <!-- com.nr.qa.testcases.LoginPageTest -->
