<?xml version="1.0" encoding="UTF-8"?>
<!-- Generated by org.testng.reporters.JUnitReportReporter -->
<testsuite skipped="0" hostname="LAPTOP-PHUIS8K1" name="com.crm.qa.testcases.LoginPageTest" tests="2" failures="0" timestamp="17 Sep 2020 09:26:29 GMT" time="35.420" errors="0">
  <testcase name="positiveLoginTest" time="15.843" classname="com.crm.qa.testcases.LoginPageTest"/>
  <testcase name="negitiveLoginTest" time="19.577" classname="com.crm.qa.testcases.LoginPageTest"/>
</testsuite> <!-- com.crm.qa.testcases.LoginPageTest -->
