<?xml version="1.0" encoding="UTF-8"?>
<!-- Generated by org.testng.reporters.JUnitReportReporter -->
<testsuite skipped="0" hostname="LAPTOP-PHUIS8K1" name="com.crm.qa.testcases.HomePageTest" tests="1" failures="0" timestamp="17 Sep 2020 11:16:33 GMT" time="32.551" errors="0">
  <testcase name="verifyHomePageTitleTest" time="32.551" classname="com.crm.qa.testcases.HomePageTest"/>
</testsuite> <!-- com.crm.qa.testcases.HomePageTest -->
