<?xml version="1.0" encoding="UTF-8"?>
<!-- Generated by org.testng.reporters.JUnitReportReporter -->
<testsuite skipped="0" hostname="vijaya-tester" name="com.nr.qa.testcases.VerifyImageWithAddToCartLink" tests="1" failures="0" timestamp="22 Oct 2020 11:45:12 GMT" time="94.155" errors="0">
  <testcase name="imageWithAddToCartAuthor" time="94.155" classname="com.nr.qa.testcases.VerifyImageWithAddToCartLink"/>
</testsuite> <!-- com.nr.qa.testcases.VerifyImageWithAddToCartLink -->
