<?xml version="1.0" encoding="UTF-8"?>
<!-- Generated by org.testng.reporters.JUnitReportReporter -->
<testsuite skipped="0" hostname="vijaya-tester" name="com.nr.qa.testcases.ImageWithAddToCartLinkPublisher" tests="1" failures="0" timestamp="28 Oct 2020 09:39:38 GMT" time="21.484" errors="0">
  <testcase name="verifyHeroImagePublisher" time="21.484" classname="com.nr.qa.testcases.ImageWithAddToCartLinkPublisher"/>
</testsuite> <!-- com.nr.qa.testcases.ImageWithAddToCartLinkPublisher -->
