<?xml version="1.0" encoding="UTF-8"?>
<!-- Generated by org.testng.reporters.JUnitReportReporter -->
<testsuite skipped="0" hostname="vijaya-tester" name="com.nr.qa.testcases.ImageWithAddToCartLinkAuthor" tests="1" failures="0" timestamp="28 Oct 2020 09:33:01 GMT" time="80.381" errors="0">
  <testcase name="imageWithAddToCartAuthor" time="80.381" classname="com.nr.qa.testcases.ImageWithAddToCartLinkAuthor"/>
</testsuite> <!-- com.nr.qa.testcases.ImageWithAddToCartLinkAuthor -->
